2019-09-14 11:23:36,077 WARNING Missing fields in config.json file: default values will be used.
2019-09-14 11:23:36,078 DEBUG *** GUI STARTING ***
2019-09-14 11:23:36,188 DEBUG Loading csv file. Headers: ['Timestamp', 'WORKING', 'WARNING_NOT_SAMPLE', 'WARNING_EQUAL_MEASURES', 'NOT_WORKING']
2019-09-14 11:23:36,188 DEBUG labels_list = []
2019-09-14 11:23:36,188 DEBUG Displaying range [0, 6589]
2019-09-14 11:23:36,189 DEBUG plot_set = [[0], [1], [2], [3]]
2019-09-14 11:23:36,189 DEBUG normalize = []
2019-09-14 11:23:36,189 DEBUG functions_set = [[], [], [], []]
2019-09-14 11:25:26,925 WARNING Missing fields in config.json file: default values will be used.
2019-09-14 11:25:26,925 DEBUG *** GUI STARTING ***
2019-09-14 11:25:27,036 DEBUG Loading csv file. Headers: ['Timestamp', 'WORKING', 'WARNING_NOT_SAMPLE', 'WARNING_EQUAL_MEASURES', 'NOT_WORKING']
2019-09-14 11:25:27,037 DEBUG labels_list = []
2019-09-14 11:25:27,037 DEBUG Displaying range [0, 6589]
2019-09-14 11:25:27,037 DEBUG plot_set = [[0], [1], [2], [3]]
2019-09-14 11:25:27,037 DEBUG normalize = []
2019-09-14 11:25:27,037 DEBUG functions_set = [[], [], [], []]
2019-09-14 11:25:34,836 DEBUG Loading csv file. Headers: ['Timestamp', 'WORKING', 'WARNING_NOT_SAMPLE', 'WARNING_EQUAL_MEASURES', 'NOT_WORKING']
2019-09-14 11:25:34,836 DEBUG labels_list = []
2019-09-14 11:25:34,837 DEBUG Displaying range [0, 6589]
2019-09-14 11:25:34,837 DEBUG plot_set = [[0], [1], [2], [3]]
2019-09-14 11:25:34,837 DEBUG normalize = []
2019-09-14 11:25:34,837 DEBUG functions_set = [[], [], [], []]
2019-09-14 11:25:36,829 DEBUG Loading csv file. Headers: ['Timestamp', 'WORKING', 'WARNING_NOT_SAMPLE', 'WARNING_EQUAL_MEASURES', 'NOT_WORKING']
2019-09-14 11:25:36,830 DEBUG labels_list = []
2019-09-14 11:25:36,830 DEBUG Displaying range [0, 6589]
2019-09-14 11:25:36,830 DEBUG plot_set = [[0], [1], [2], [3]]
2019-09-14 11:25:36,830 DEBUG normalize = []
2019-09-14 11:25:36,830 DEBUG functions_set = [[], [], [], []]
2019-09-14 11:25:39,146 DEBUG Loading csv file. Headers: ['Timestamp', 'WORKING', 'WARNING_NOT_SAMPLE', 'WARNING_EQUAL_MEASURES', 'NOT_WORKING']
2019-09-14 11:25:39,146 DEBUG labels_list = []
2019-09-14 11:25:39,147 DEBUG Displaying range [0, 6589]
2019-09-14 11:25:39,147 DEBUG plot_set = [[0], [1], [2], [3]]
2019-09-14 11:25:39,147 DEBUG normalize = []
2019-09-14 11:25:39,147 DEBUG functions_set = [[], [], [], []]
2019-09-14 11:25:40,632 DEBUG Loading csv file. Headers: ['Timestamp', 'WORKING', 'WARNING_NOT_SAMPLE', 'WARNING_EQUAL_MEASURES', 'NOT_WORKING']
2019-09-14 11:25:40,633 DEBUG labels_list = []
2019-09-14 11:25:40,633 DEBUG Displaying range [0, 6589]
2019-09-14 11:25:40,633 DEBUG plot_set = [[0], [1], [2], [3]]
2019-09-14 11:25:40,634 DEBUG normalize = []
2019-09-14 11:25:40,634 DEBUG functions_set = [[], [], [], []]
2019-09-14 11:25:41,471 DEBUG Loading csv file. Headers: ['Timestamp', 'WORKING', 'WARNING_NOT_SAMPLE', 'WARNING_EQUAL_MEASURES', 'NOT_WORKING']
2019-09-14 11:25:41,472 DEBUG labels_list = []
2019-09-14 11:25:41,475 DEBUG Displaying range [0, 6589]
2019-09-14 11:25:41,475 DEBUG plot_set = [[0], [1], [2], [3]]
2019-09-14 11:25:41,475 DEBUG normalize = []
2019-09-14 11:25:41,475 DEBUG functions_set = [[], [], [], []]
2019-09-14 11:25:42,417 DEBUG Loading csv file. Headers: ['Timestamp', 'WORKING', 'WARNING_NOT_SAMPLE', 'WARNING_EQUAL_MEASURES', 'NOT_WORKING']
2019-09-14 11:25:42,417 DEBUG labels_list = []
2019-09-14 11:25:42,417 DEBUG Displaying range [0, 6589]
2019-09-14 11:25:42,417 DEBUG plot_set = [[0], [1], [2], [3]]
2019-09-14 11:25:42,417 DEBUG normalize = []
2019-09-14 11:25:42,417 DEBUG functions_set = [[], [], [], []]
2019-09-14 11:25:49,192 DEBUG Loading csv file. Headers: ['Timestamp', 'WORKING', 'WARNING_NOT_SAMPLE', 'WARNING_EQUAL_MEASURES', 'NOT_WORKING']
2019-09-14 11:25:49,192 DEBUG labels_list = []
2019-09-14 11:25:49,192 DEBUG Displaying range [0, 6589]
2019-09-14 11:25:49,193 DEBUG plot_set = [[0], [1], [2], [3]]
2019-09-14 11:25:49,193 DEBUG normalize = []
2019-09-14 11:25:49,193 DEBUG functions_set = [[], [], [], []]
2019-09-14 11:25:50,164 DEBUG Loading csv file. Headers: ['Timestamp', 'WORKING', 'WARNING_NOT_SAMPLE', 'WARNING_EQUAL_MEASURES', 'NOT_WORKING']
2019-09-14 11:25:50,164 DEBUG labels_list = []
2019-09-14 11:25:50,164 DEBUG Displaying range [0, 6589]
2019-09-14 11:25:50,164 DEBUG plot_set = [[0], [1], [2], [3]]
2019-09-14 11:25:50,164 DEBUG normalize = []
2019-09-14 11:25:50,164 DEBUG functions_set = [[], [], [], []]
2019-09-14 11:26:37,905 DEBUG Loading csv file. Headers: ['Timestamp', 'WORKING', 'WARNING_NOT_SAMPLE', 'WARNING_EQUAL_MEASURES', 'NOT_WORKING']
2019-09-14 11:26:37,905 DEBUG labels_list = []
2019-09-14 11:26:37,906 DEBUG Displaying range [0, 6589]
2019-09-14 11:26:37,906 DEBUG plot_set = [[0], [1], [2], [3]]
2019-09-14 11:26:37,906 DEBUG normalize = []
2019-09-14 11:26:37,906 DEBUG functions_set = [[], [], [], []]
2019-09-14 11:30:03,351 DEBUG Loading csv file. Headers: ['Timestamp', 'WORKING', 'WARNING_NOT_SAMPLE', 'WARNING_EQUAL_MEASURES', 'NOT_WORKING']
2019-09-14 11:30:03,351 DEBUG labels_list = []
2019-09-14 11:30:03,351 DEBUG Displaying range [0, 6589]
2019-09-14 11:30:03,351 DEBUG plot_set = [[0], [1], [2], [3]]
2019-09-14 11:30:03,352 DEBUG normalize = []
2019-09-14 11:30:03,352 DEBUG functions_set = [[], [], [], []]
2019-09-14 11:31:11,713 DEBUG Loading csv file. Headers: ['Timestamp', 'WORKING', 'WARNING_NOT_SAMPLE', 'WARNING_EQUAL_MEASURES', 'NOT_WORKING']
2019-09-14 11:31:11,713 DEBUG labels_list = []
2019-09-14 11:31:11,713 DEBUG Displaying range [0, 6589]
2019-09-14 11:31:11,713 DEBUG plot_set = [[0], [1], [2], [3]]
2019-09-14 11:31:11,713 DEBUG normalize = []
2019-09-14 11:31:11,713 DEBUG functions_set = [[], [], [], []]
2019-09-14 11:40:45,367 WARNING Missing fields in config.json file: default values will be used.
2019-09-14 11:40:45,367 DEBUG *** GUI STARTING ***
2019-09-14 11:40:45,504 DEBUG Loading csv file. Headers: ['Timestamp', 'WORKING', 'WARNING_NOT_SAMPLE', 'WARNING_EQUAL_MEASURES', 'NOT_WORKING']
2019-09-14 11:40:45,505 DEBUG labels_list = []
2019-09-14 11:40:45,505 DEBUG Displaying range [0, 6589]
2019-09-14 11:40:45,505 DEBUG plot_set = [[0], [1], [2], [3]]
2019-09-14 11:40:45,505 DEBUG normalize = []
2019-09-14 11:40:45,505 DEBUG functions_set = [[], [], [], []]
2019-09-14 11:40:50,504 DEBUG Loading csv file. Headers: ['Timestamp', 'WORKING', 'WARNING_NOT_SAMPLE', 'WARNING_EQUAL_MEASURES', 'NOT_WORKING']
2019-09-14 11:40:50,504 DEBUG labels_list = []
2019-09-14 11:40:50,505 DEBUG Displaying range [0, 6589]
2019-09-14 11:40:50,505 DEBUG plot_set = [[0], [1], [2], [3]]
2019-09-14 11:40:50,505 DEBUG normalize = []
2019-09-14 11:40:50,505 DEBUG functions_set = [[], [], [], []]
2019-09-14 11:40:52,624 DEBUG Loading csv file. Headers: ['Timestamp', 'WORKING', 'WARNING_NOT_SAMPLE', 'WARNING_EQUAL_MEASURES', 'NOT_WORKING']
2019-09-14 11:40:52,625 DEBUG labels_list = []
2019-09-14 11:40:52,625 DEBUG Displaying range [0, 6589]
2019-09-14 11:40:52,625 DEBUG plot_set = [[0], [1], [2], [3]]
2019-09-14 11:40:52,625 DEBUG normalize = []
2019-09-14 11:40:52,625 DEBUG functions_set = [[], [], [], []]
2019-09-14 11:40:54,923 DEBUG Loading csv file. Headers: ['Timestamp', 'WORKING', 'WARNING_NOT_SAMPLE', 'WARNING_EQUAL_MEASURES', 'NOT_WORKING']
2019-09-14 11:40:54,924 DEBUG labels_list = []
2019-09-14 11:40:54,927 DEBUG Displaying range [0, 6589]
2019-09-14 11:40:54,927 DEBUG plot_set = [[0], [1], [2], [3]]
2019-09-14 11:40:54,927 DEBUG normalize = []
2019-09-14 11:40:54,927 DEBUG functions_set = [[], [], [], []]
2019-09-14 11:40:56,018 DEBUG Loading csv file. Headers: ['Timestamp', 'WORKING', 'WARNING_NOT_SAMPLE', 'WARNING_EQUAL_MEASURES', 'NOT_WORKING']
2019-09-14 11:40:56,018 DEBUG labels_list = []
2019-09-14 11:40:56,019 DEBUG Displaying range [0, 6589]
2019-09-14 11:40:56,019 DEBUG plot_set = [[0], [1], [2], [3]]
2019-09-14 11:40:56,019 DEBUG normalize = []
2019-09-14 11:40:56,019 DEBUG functions_set = [[], [], [], []]
2019-09-14 11:40:57,009 DEBUG Loading csv file. Headers: ['Timestamp', 'WORKING', 'WARNING_NOT_SAMPLE', 'WARNING_EQUAL_MEASURES', 'NOT_WORKING']
2019-09-14 11:40:57,009 DEBUG labels_list = []
2019-09-14 11:40:57,010 DEBUG Displaying range [0, 6589]
2019-09-14 11:40:57,010 DEBUG plot_set = [[0], [1], [2], [3]]
2019-09-14 11:40:57,010 DEBUG normalize = []
2019-09-14 11:40:57,010 DEBUG functions_set = [[], [], [], []]
2019-09-14 11:40:57,993 DEBUG Loading csv file. Headers: ['Timestamp', 'WORKING', 'WARNING_NOT_SAMPLE', 'WARNING_EQUAL_MEASURES', 'NOT_WORKING']
2019-09-14 11:40:57,994 DEBUG labels_list = []
2019-09-14 11:40:57,994 DEBUG Displaying range [0, 6589]
2019-09-14 11:40:57,994 DEBUG plot_set = [[0], [1], [2], [3]]
2019-09-14 11:40:57,994 DEBUG normalize = []
2019-09-14 11:40:57,994 DEBUG functions_set = [[], [], [], []]
2019-09-14 11:40:58,857 DEBUG Loading csv file. Headers: ['Timestamp', 'WORKING', 'WARNING_NOT_SAMPLE', 'WARNING_EQUAL_MEASURES', 'NOT_WORKING']
2019-09-14 11:40:58,857 DEBUG labels_list = []
2019-09-14 11:40:58,857 DEBUG Displaying range [0, 6589]
2019-09-14 11:40:58,858 DEBUG plot_set = [[0], [1], [2], [3]]
2019-09-14 11:40:58,858 DEBUG normalize = []
2019-09-14 11:40:58,858 DEBUG functions_set = [[], [], [], []]
2019-09-14 11:40:59,861 DEBUG Loading csv file. Headers: ['Timestamp', 'WORKING', 'WARNING_NOT_SAMPLE', 'WARNING_EQUAL_MEASURES', 'NOT_WORKING']
2019-09-14 11:40:59,861 DEBUG labels_list = []
2019-09-14 11:40:59,862 DEBUG Displaying range [0, 6589]
2019-09-14 11:40:59,862 DEBUG plot_set = [[0], [1], [2], [3]]
2019-09-14 11:40:59,862 DEBUG normalize = []
2019-09-14 11:40:59,862 DEBUG functions_set = [[], [], [], []]
2019-09-14 11:41:00,786 DEBUG Loading csv file. Headers: ['Timestamp', 'WORKING', 'WARNING_NOT_SAMPLE', 'WARNING_EQUAL_MEASURES', 'NOT_WORKING']
2019-09-14 11:41:00,786 DEBUG labels_list = []
2019-09-14 11:41:00,789 DEBUG Displaying range [0, 6589]
2019-09-14 11:41:00,789 DEBUG plot_set = [[0], [1], [2], [3]]
2019-09-14 11:41:00,790 DEBUG normalize = []
2019-09-14 11:41:00,790 DEBUG functions_set = [[], [], [], []]
2019-09-14 11:41:01,784 DEBUG Loading csv file. Headers: ['Timestamp', 'WORKING', 'WARNING_NOT_SAMPLE', 'WARNING_EQUAL_MEASURES', 'NOT_WORKING']
2019-09-14 11:41:01,784 DEBUG labels_list = []
2019-09-14 11:41:01,785 DEBUG Displaying range [0, 6589]
2019-09-14 11:41:01,785 DEBUG plot_set = [[0], [1], [2], [3]]
2019-09-14 11:41:01,785 DEBUG normalize = []
2019-09-14 11:41:01,785 DEBUG functions_set = [[], [], [], []]
2019-09-14 11:41:02,855 DEBUG Loading csv file. Headers: ['Timestamp', 'WORKING', 'WARNING_NOT_SAMPLE', 'WARNING_EQUAL_MEASURES', 'NOT_WORKING']
2019-09-14 11:41:02,855 DEBUG labels_list = []
2019-09-14 11:41:02,855 DEBUG Displaying range [0, 6589]
2019-09-14 11:41:02,856 DEBUG plot_set = [[0], [1], [2], [3]]
2019-09-14 11:41:02,856 DEBUG normalize = []
2019-09-14 11:41:02,856 DEBUG functions_set = [[], [], [], []]
2019-09-14 11:41:03,857 DEBUG Loading csv file. Headers: ['Timestamp', 'WORKING', 'WARNING_NOT_SAMPLE', 'WARNING_EQUAL_MEASURES', 'NOT_WORKING']
2019-09-14 11:41:03,857 DEBUG labels_list = []
2019-09-14 11:41:03,857 DEBUG Displaying range [0, 6589]
2019-09-14 11:41:03,857 DEBUG plot_set = [[0], [1], [2], [3]]
2019-09-14 11:41:03,857 DEBUG normalize = []
2019-09-14 11:41:03,857 DEBUG functions_set = [[], [], [], []]
2019-09-14 11:41:04,771 DEBUG Loading csv file. Headers: ['Timestamp', 'WORKING', 'WARNING_NOT_SAMPLE', 'WARNING_EQUAL_MEASURES', 'NOT_WORKING']
2019-09-14 11:41:04,771 DEBUG labels_list = []
2019-09-14 11:41:04,771 DEBUG Displaying range [0, 6589]
2019-09-14 11:41:04,771 DEBUG plot_set = [[0], [1], [2], [3]]
2019-09-14 11:41:04,771 DEBUG normalize = []
2019-09-14 11:41:04,771 DEBUG functions_set = [[], [], [], []]
2019-09-14 11:41:42,775 WARNING Missing fields in config.json file: default values will be used.
2019-09-14 11:41:42,775 DEBUG *** GUI STARTING ***
2019-09-14 11:41:42,886 DEBUG Loading csv file. Headers: ['Timestamp', 'WORKING', 'WARNING_NOT_SAMPLE', 'WARNING_EQUAL_MEASURES', 'NOT_WORKING']
2019-09-14 11:41:42,886 DEBUG labels_list = []
2019-09-14 11:41:42,886 DEBUG Displaying range [0, 6589]
2019-09-14 11:41:42,886 DEBUG plot_set = [[0], [1], [2], [3]]
2019-09-14 11:41:42,886 DEBUG normalize = []
2019-09-14 11:41:42,886 DEBUG functions_set = [[], [], [], []]
2019-09-14 11:41:47,632 DEBUG Loading csv file. Headers: ['Timestamp', 'WORKING', 'WARNING_NOT_SAMPLE', 'WARNING_EQUAL_MEASURES', 'NOT_WORKING']
2019-09-14 11:41:47,633 DEBUG labels_list = []
2019-09-14 11:41:47,633 DEBUG Displaying range [0, 6589]
2019-09-14 11:41:47,633 DEBUG plot_set = [[0], [1], [2], [3]]
2019-09-14 11:41:47,633 DEBUG normalize = []
2019-09-14 11:41:47,633 DEBUG functions_set = [[], [], [], []]
2019-09-14 11:41:49,996 DEBUG Loading csv file. Headers: ['Timestamp', 'WORKING', 'WARNING_NOT_SAMPLE', 'WARNING_EQUAL_MEASURES', 'NOT_WORKING']
2019-09-14 11:41:49,996 DEBUG labels_list = []
2019-09-14 11:41:49,997 DEBUG Displaying range [0, 6589]
2019-09-14 11:41:49,997 DEBUG plot_set = [[0], [1], [2], [3]]
2019-09-14 11:41:49,997 DEBUG normalize = []
2019-09-14 11:41:49,997 DEBUG functions_set = [[], [], [], []]
2019-09-14 11:41:51,465 DEBUG Loading csv file. Headers: ['Timestamp', 'WORKING', 'WARNING_NOT_SAMPLE', 'WARNING_EQUAL_MEASURES', 'NOT_WORKING']
2019-09-14 11:41:51,465 DEBUG labels_list = []
2019-09-14 11:41:51,466 DEBUG Displaying range [0, 6589]
2019-09-14 11:41:51,466 DEBUG plot_set = [[0], [1], [2], [3]]
2019-09-14 11:41:51,466 DEBUG normalize = []
2019-09-14 11:41:51,466 DEBUG functions_set = [[], [], [], []]
2019-09-14 11:41:53,523 DEBUG Loading csv file. Headers: ['Timestamp', 'WORKING', 'WARNING_NOT_SAMPLE', 'WARNING_EQUAL_MEASURES', 'NOT_WORKING']
2019-09-14 11:41:53,523 DEBUG labels_list = []
2019-09-14 11:41:53,524 DEBUG Displaying range [0, 6589]
2019-09-14 11:41:53,524 DEBUG plot_set = [[0], [1], [2], [3]]
2019-09-14 11:41:53,524 DEBUG normalize = []
2019-09-14 11:41:53,524 DEBUG functions_set = [[], [], [], []]
2019-09-14 11:41:54,494 DEBUG Loading csv file. Headers: ['Timestamp', 'WORKING', 'WARNING_NOT_SAMPLE', 'WARNING_EQUAL_MEASURES', 'NOT_WORKING']
2019-09-14 11:41:54,494 DEBUG labels_list = []
2019-09-14 11:41:54,494 DEBUG Displaying range [0, 6589]
2019-09-14 11:41:54,494 DEBUG plot_set = [[0], [1], [2], [3]]
2019-09-14 11:41:54,495 DEBUG normalize = []
2019-09-14 11:41:54,495 DEBUG functions_set = [[], [], [], []]
2019-09-14 11:41:55,471 DEBUG Loading csv file. Headers: ['Timestamp', 'WORKING', 'WARNING_NOT_SAMPLE', 'WARNING_EQUAL_MEASURES', 'NOT_WORKING']
2019-09-14 11:41:55,471 DEBUG labels_list = []
2019-09-14 11:41:55,474 DEBUG Displaying range [0, 6589]
2019-09-14 11:41:55,475 DEBUG plot_set = [[0], [1], [2], [3]]
2019-09-14 11:41:55,475 DEBUG normalize = []
2019-09-14 11:41:55,475 DEBUG functions_set = [[], [], [], []]
2019-09-14 11:41:56,399 DEBUG Loading csv file. Headers: ['Timestamp', 'WORKING', 'WARNING_NOT_SAMPLE', 'WARNING_EQUAL_MEASURES', 'NOT_WORKING']
2019-09-14 11:41:56,400 DEBUG labels_list = []
2019-09-14 11:41:56,400 DEBUG Displaying range [0, 6589]
2019-09-14 11:41:56,400 DEBUG plot_set = [[0], [1], [2], [3]]
2019-09-14 11:41:56,400 DEBUG normalize = []
2019-09-14 11:41:56,400 DEBUG functions_set = [[], [], [], []]
2019-09-14 11:41:57,244 DEBUG Loading csv file. Headers: ['Timestamp', 'WORKING', 'WARNING_NOT_SAMPLE', 'WARNING_EQUAL_MEASURES', 'NOT_WORKING']
2019-09-14 11:41:57,245 DEBUG labels_list = []
2019-09-14 11:41:57,245 DEBUG Displaying range [0, 6589]
2019-09-14 11:41:57,245 DEBUG plot_set = [[0], [1], [2], [3]]
2019-09-14 11:41:57,245 DEBUG normalize = []
2019-09-14 11:41:57,245 DEBUG functions_set = [[], [], [], []]
2019-09-14 11:41:58,245 DEBUG Loading csv file. Headers: ['Timestamp', 'WORKING', 'WARNING_NOT_SAMPLE', 'WARNING_EQUAL_MEASURES', 'NOT_WORKING']
2019-09-14 11:41:58,245 DEBUG labels_list = []
2019-09-14 11:41:58,245 DEBUG Displaying range [0, 6589]
2019-09-14 11:41:58,246 DEBUG plot_set = [[0], [1], [2], [3]]
2019-09-14 11:41:58,246 DEBUG normalize = []
2019-09-14 11:41:58,246 DEBUG functions_set = [[], [], [], []]
2019-09-14 11:41:59,198 DEBUG Loading csv file. Headers: ['Timestamp', 'WORKING', 'WARNING_NOT_SAMPLE', 'WARNING_EQUAL_MEASURES', 'NOT_WORKING']
2019-09-14 11:41:59,198 DEBUG labels_list = []
2019-09-14 11:41:59,198 DEBUG Displaying range [0, 6589]
2019-09-14 11:41:59,198 DEBUG plot_set = [[0], [1], [2], [3]]
2019-09-14 11:41:59,198 DEBUG normalize = []
2019-09-14 11:41:59,198 DEBUG functions_set = [[], [], [], []]
2019-09-14 11:42:00,188 DEBUG Loading csv file. Headers: ['Timestamp', 'WORKING', 'WARNING_NOT_SAMPLE', 'WARNING_EQUAL_MEASURES', 'NOT_WORKING']
2019-09-14 11:42:00,188 DEBUG labels_list = []
2019-09-14 11:42:00,189 DEBUG Displaying range [0, 6589]
2019-09-14 11:42:00,189 DEBUG plot_set = [[0], [1], [2], [3]]
2019-09-14 11:42:00,189 DEBUG normalize = []
2019-09-14 11:42:00,189 DEBUG functions_set = [[], [], [], []]
2019-09-14 11:42:01,097 DEBUG Loading csv file. Headers: ['Timestamp', 'WORKING', 'WARNING_NOT_SAMPLE', 'WARNING_EQUAL_MEASURES', 'NOT_WORKING']
2019-09-14 11:42:01,097 DEBUG labels_list = []
2019-09-14 11:42:01,097 DEBUG Displaying range [0, 6589]
2019-09-14 11:42:01,097 DEBUG plot_set = [[0], [1], [2], [3]]
2019-09-14 11:42:01,097 DEBUG normalize = []
2019-09-14 11:42:01,097 DEBUG functions_set = [[], [], [], []]
2019-09-14 11:42:01,994 DEBUG Loading csv file. Headers: ['Timestamp', 'WORKING', 'WARNING_NOT_SAMPLE', 'WARNING_EQUAL_MEASURES', 'NOT_WORKING']
2019-09-14 11:42:01,994 DEBUG labels_list = []
2019-09-14 11:42:01,995 DEBUG Displaying range [0, 6589]
2019-09-14 11:42:01,995 DEBUG plot_set = [[0], [1], [2], [3]]
2019-09-14 11:42:01,995 DEBUG normalize = []
2019-09-14 11:42:01,996 DEBUG functions_set = [[], [], [], []]
2019-09-14 11:42:02,929 DEBUG Loading csv file. Headers: ['Timestamp', 'WORKING', 'WARNING_NOT_SAMPLE', 'WARNING_EQUAL_MEASURES', 'NOT_WORKING']
2019-09-14 11:42:02,929 DEBUG labels_list = []
2019-09-14 11:42:02,930 DEBUG Displaying range [0, 6589]
2019-09-14 11:42:02,930 DEBUG plot_set = [[0], [1], [2], [3]]
2019-09-14 11:42:02,930 DEBUG normalize = []
2019-09-14 11:42:02,930 DEBUG functions_set = [[], [], [], []]
2019-09-14 11:42:03,901 DEBUG Loading csv file. Headers: ['Timestamp', 'WORKING', 'WARNING_NOT_SAMPLE', 'WARNING_EQUAL_MEASURES', 'NOT_WORKING']
2019-09-14 11:42:03,901 DEBUG labels_list = []
2019-09-14 11:42:03,901 DEBUG Displaying range [0, 6589]
2019-09-14 11:42:03,901 DEBUG plot_set = [[0], [1], [2], [3]]
2019-09-14 11:42:03,901 DEBUG normalize = []
2019-09-14 11:42:03,901 DEBUG functions_set = [[], [], [], []]
2019-09-14 11:42:04,879 DEBUG Loading csv file. Headers: ['Timestamp', 'WORKING', 'WARNING_NOT_SAMPLE', 'WARNING_EQUAL_MEASURES', 'NOT_WORKING']
2019-09-14 11:42:04,879 DEBUG labels_list = []
2019-09-14 11:42:04,879 DEBUG Displaying range [0, 6589]
2019-09-14 11:42:04,879 DEBUG plot_set = [[0], [1], [2], [3]]
2019-09-14 11:42:04,879 DEBUG normalize = []
2019-09-14 11:42:04,880 DEBUG functions_set = [[], [], [], []]
2019-09-14 11:42:05,870 DEBUG Loading csv file. Headers: ['Timestamp', 'WORKING', 'WARNING_NOT_SAMPLE', 'WARNING_EQUAL_MEASURES', 'NOT_WORKING']
2019-09-14 11:42:05,870 DEBUG labels_list = []
2019-09-14 11:42:05,871 DEBUG Displaying range [0, 6589]
2019-09-14 11:42:05,871 DEBUG plot_set = [[0], [1], [2], [3]]
2019-09-14 11:42:05,871 DEBUG normalize = []
2019-09-14 11:42:05,871 DEBUG functions_set = [[], [], [], []]
